<?xml version="1.0" encoding="UTF-8"?>
<!-- Generated by org.testng.reporters.JUnitReportReporter -->
<testsuite hostname="DESKTOP-78UJ87F" failures="0" tests="1" name="scripts.Tc3" time="0.008" errors="0" timestamp="2023-04-08T14:23:47 IST" skipped="0">
  <testcase classname="scripts.Tc3" name="Demo" time="0.008"/>
  <system-out>
    <![CDATA[Hello Python]]>
  </system-out>
</testsuite> <!-- scripts.Tc3 -->
