<?xml version="1.0" encoding="UTF-8"?>
<!-- Generated by org.testng.reporters.JUnitReportReporter -->
<testsuite hostname="DESKTOP-78UJ87F" failures="0" tests="1" name="scripts.Tc1" time="0.017" errors="0" timestamp="2023-04-08T14:23:47 IST" skipped="0">
  <testcase classname="scripts.Tc1" name="Demo" time="0.017"/>
  <system-out>
    <![CDATA[Hello Java]]>
  </system-out>
</testsuite> <!-- scripts.Tc1 -->
